<?xml version="1.0" encoding="UTF-8"?>
<!-- Generated by org.testng.reporters.JUnitReportReporter -->
<testsuite ignored="0" hostname="Autanus-MacBook-Pro.local" failures="0" tests="1" name="Test.VerifyPhNumberPageTest" time="4.846" errors="0" timestamp="06 Jul 2022 00:04:08 GMT" skipped="0">
  <testcase classname="Test.VerifyPhNumberPageTest" name="getVerifyPhNumberPageTest" time="4.846"/>
</testsuite> <!-- Test.VerifyPhNumberPageTest -->
