<?xml version="1.0" encoding="UTF-8"?>
<!-- Generated by org.testng.reporters.JUnitReportReporter -->
<testsuite ignored="0" hostname="Autanus-MacBook-Pro.local" failures="0" tests="1" name="Test.HomePageTest" time="0.798" errors="0" timestamp="05 Jul 2022 22:00:51 GMT" skipped="0">
  <testcase classname="Test.HomePageTest" name="homepageTest" time="0.798"/>
</testsuite> <!-- Test.HomePageTest -->
